<?xml version="1.0" encoding="UTF-8"?>
<!-- Generated by org.testng.reporters.JUnitReportReporter -->
<testsuite hostname="DESKTOP-HH53EFL" name="com.selenium.ZOHO.project.testcases.LoginTest" tests="2" failures="0" timestamp="26 Sep 2020 19:16:57 GMT" time="85.245" errors="0">
  <testcase name="doLoginTest" time="62.454" classname="com.selenium.ZOHO.project.testcases.LoginTest"/>
  <testcase name="doLoginTest" time="22.791" classname="com.selenium.ZOHO.project.testcases.LoginTest"/>
</testsuite> <!-- com.selenium.ZOHO.project.testcases.LoginTest -->
