<?xml version="1.0" encoding="UTF-8"?>
<!-- Generated by org.testng.reporters.JUnitReportReporter -->
<testsuite hostname="DESKTOP-HH53EFL" name="com.selenium.ZOHO.project.testcases.LoginTest" tests="2" failures="0" timestamp="24 Oct 2020 20:14:53 GMT" time="92.316" errors="0">
  <testcase name="doLoginTest" time="45.797" classname="com.selenium.ZOHO.project.testcases.LoginTest"/>
  <testcase name="doLoginTest" time="46.519" classname="com.selenium.ZOHO.project.testcases.LoginTest"/>
</testsuite> <!-- com.selenium.ZOHO.project.testcases.LoginTest -->
