<?xml version="1.0" encoding="UTF-8"?>
<!-- Generated by org.testng.reporters.JUnitReportReporter -->
<testsuite hostname="DESKTOP-HH53EFL" name="com.selenium.ZOHO.project.testcases.PotentialTest" tests="2" failures="0" timestamp="25 Sep 2020 01:30:42 GMT" time="0.004" errors="0">
  <testcase name="createPotentialTest" time="0.002" classname="com.selenium.ZOHO.project.testcases.PotentialTest"/>
  <testcase name="deletePotentialAccountTest" time="0.002" classname="com.selenium.ZOHO.project.testcases.PotentialTest"/>
</testsuite> <!-- com.selenium.ZOHO.project.testcases.PotentialTest -->
