<?xml version="1.0" encoding="UTF-8"?>
<!-- Generated by org.testng.reporters.JUnitReportReporter -->
<testsuite hostname="DESKTOP-HH53EFL" name="com.selenium.ZOHO.project.testcases.LoginTest" tests="2" failures="0" timestamp="15 Oct 2020 18:41:48 GMT" time="87.901" errors="0">
  <testcase name="doLoginTest" time="62.438" classname="com.selenium.ZOHO.project.testcases.LoginTest"/>
  <testcase name="doLoginTest" time="25.463" classname="com.selenium.ZOHO.project.testcases.LoginTest"/>
</testsuite> <!-- com.selenium.ZOHO.project.testcases.LoginTest -->
