<?xml version="1.0" encoding="UTF-8"?>
<!-- Generated by org.testng.reporters.JUnitReportReporter -->
<testsuite hostname="DESKTOP-HH53EFL" name="com.selenium.ZOHO.project.testcases.LoginTest" tests="2" failures="0" timestamp="15 Oct 2020 21:15:09 GMT" time="84.660" errors="0">
  <testcase name="doLoginTest" time="61.095" classname="com.selenium.ZOHO.project.testcases.LoginTest"/>
  <testcase name="doLoginTest" time="23.565" classname="com.selenium.ZOHO.project.testcases.LoginTest"/>
</testsuite> <!-- com.selenium.ZOHO.project.testcases.LoginTest -->
