<?xml version="1.0" encoding="UTF-8"?>
<!-- Generated by org.testng.reporters.JUnitReportReporter -->
<testsuite hostname="DESKTOP-HH53EFL" name="com.selenium.ZOHO.project.testcases.LeadTest" tests="3" failures="0" timestamp="25 Sep 2020 01:30:42 GMT" time="0.005" errors="0">
  <testcase name="createLeadTest" time="0.001" classname="com.selenium.ZOHO.project.testcases.LeadTest"/>
  <testcase name="convertLeadTest" time="0.002" classname="com.selenium.ZOHO.project.testcases.LeadTest"/>
  <testcase name="deleteLeadAccountTest" time="0.002" classname="com.selenium.ZOHO.project.testcases.LeadTest"/>
</testsuite> <!-- com.selenium.ZOHO.project.testcases.LeadTest -->
